<?xml version="1.0" encoding="UTF-8"?>
<!-- Generated by org.testng.reporters.JUnitReportReporter -->
<testsuite hostname="Rohits-MacBook-Air.local" failures="0" tests="2" name="engine.Runner" time="2.540" errors="0" timestamp="2025-03-07T11:17:49 IST" skipped="0">
  <testcase classname="engine.Runner" name="runScenario" time="0.691"/>
  <testcase classname="engine.Runner" name="runScenario" time="1.849"/>
</testsuite> <!-- engine.Runner -->
