<?xml version="1.0" encoding="UTF-8"?>
<!-- Generated by org.testng.reporters.JUnitReportReporter -->
<testsuite hostname="Rohits-MacBook-Air.local" failures="0" tests="2" name="engine.Runner" time="2.555" errors="0" timestamp="2025-03-07T14:37:26 IST" skipped="0">
  <testcase classname="engine.Runner" name="runScenario" time="1.685"/>
  <testcase classname="engine.Runner" name="runScenario" time="0.870"/>
</testsuite> <!-- engine.Runner -->
