<?xml version="1.0" encoding="UTF-8"?>
<!-- Generated by org.testng.reporters.JUnitReportReporter -->
<testsuite hostname="Rohits-MacBook-Air.local" failures="0" tests="2" name="engine.Runner" time="3.009" errors="0" timestamp="2025-03-07T11:33:05 IST" skipped="0">
  <testcase classname="engine.Runner" name="runScenario" time="2.312"/>
  <testcase classname="engine.Runner" name="runScenario" time="0.697"/>
</testsuite> <!-- engine.Runner -->
